<?xml version="1.0" encoding="UTF-8"?>
<!-- Generated by org.testng.reporters.JUnitXMLReporter -->
<testsuite ignored="4" hostname="INBAWN180114" failures="0" tests="1" name="Default test" time="0.066" errors="0" timestamp="2024-09-08T15:18:53 IST">
  <testcase classname="stream.java.collections.ArrayListFindWordCountStartsWithLetterS" name="streamToList" time="0.011"/>
  <testcase classname="stream.java.collections.ArrayListFindWordCountStartsWithLetterS" name="testWithoutStream" time="0.0">
    <ignored/>
  </testcase> <!-- testWithoutStream -->
  <testcase classname="stream.java.collections.ArrayListFindWordCountStartsWithLetterS" name="arraysToListAndStream" time="0.0">
    <ignored/>
  </testcase> <!-- arraysToListAndStream -->
  <testcase classname="stream.java.collections.ArrayListFindWordCountStartsWithLetterS" name="concatStream" time="0.0">
    <ignored/>
  </testcase> <!-- concatStream -->
  <testcase classname="stream.java.collections.ArrayListFindWordCountStartsWithLetterS" name="testWithStream" time="0.0">
    <ignored/>
  </testcase> <!-- testWithStream -->
</testsuite> <!-- Default test -->
