<?xml version="1.0" encoding="UTF-8"?>
<testng-results ignored="4" total="5" passed="1" failed="0" skipped="0">
  <reporter-output>
  </reporter-output>
  <suite started-at="2024-09-08T15:18:53 IST" name="Default suite" finished-at="2024-09-08T15:18:53 IST" duration-ms="66">
    <groups>
    </groups>
    <test started-at="2024-09-08T15:18:53 IST" name="Default test" finished-at="2024-09-08T15:18:53 IST" duration-ms="66">
      <class name="stream.java.collections.ArrayListFindWordCountStartsWithLetterS">
        <test-method signature="streamToList()[pri:0, instance:stream.java.collections.ArrayListFindWordCountStartsWithLetterS@4d02f94e]" started-at="2024-09-08T15:18:53 IST" name="streamToList" finished-at="2024-09-08T15:18:53 IST" duration-ms="11" status="PASS">
          <reporter-output>
          </reporter-output>
        </test-method> <!-- streamToList -->
      </class> <!-- stream.java.collections.ArrayListFindWordCountStartsWithLetterS -->
    </test> <!-- Default test -->
  </suite> <!-- Default suite -->
</testng-results>
